TN:
SF:src/claims.ts
FN:18,(anonymous_0)
FN:23,(anonymous_1)
FN:25,(anonymous_2)
FN:32,(anonymous_3)
FN:73,(anonymous_4)
FN:76,(anonymous_5)
FN:80,(anonymous_6)
FN:85,(anonymous_7)
FN:94,(anonymous_8)
FN:99,(anonymous_9)
FNF:10
FNH:10
FNDA:13,(anonymous_0)
FNDA:12,(anonymous_1)
FNDA:14,(anonymous_2)
FNDA:16,(anonymous_3)
FNDA:4,(anonymous_4)
FNDA:4,(anonymous_5)
FNDA:3,(anonymous_6)
FNDA:14,(anonymous_7)
FNDA:4,(anonymous_8)
FNDA:2,(anonymous_9)
DA:1,2
DA:3,2
DA:4,2
DA:16,2
DA:18,2
DA:19,13
DA:21,2
DA:23,12
DA:25,2
DA:29,14
DA:31,14
DA:33,16
DA:37,14
DA:38,1
DA:43,13
DA:44,1
DA:45,12
DA:47,11
DA:48,12
DA:49,2
DA:53,9
DA:63,2
DA:73,2
DA:74,4
DA:76,4
DA:77,4
DA:81,3
DA:83,3
DA:85,14
DA:87,1
DA:94,4
DA:95,2
DA:97,2
DA:100,2
LF:34
LH:34
BRDA:33,0,0,16
BRDA:33,0,1,4
BRDA:37,1,0,1
BRDA:37,1,1,13
BRDA:43,2,0,1
BRDA:43,2,1,12
BRDA:45,3,0,1
BRDA:45,3,1,11
BRDA:48,4,0,2
BRDA:48,4,1,10
BRDA:83,5,0,1
BRDA:83,5,1,2
BRDA:84,6,0,3
BRDA:84,6,1,2
BRF:14
BRH:14
end_of_record
TN:
SF:src/config.ts
FN:12,(anonymous_1)
FN:19,(anonymous_2)
FN:30,(anonymous_3)
FNF:3
FNH:3
FNDA:5,(anonymous_1)
FNDA:7,(anonymous_2)
FNDA:1,(anonymous_3)
DA:1,2
DA:2,2
DA:3,2
DA:5,2
DA:6,2
DA:12,2
DA:15,5
DA:16,4
DA:19,2
DA:20,7
DA:21,3
DA:24,4
DA:25,4
DA:27,3
DA:30,2
DA:31,1
DA:32,1
LF:17
LH:17
BRDA:15,0,0,1
BRDA:15,0,1,4
BRDA:20,1,0,3
BRDA:20,1,1,4
BRF:4
BRH:4
end_of_record
TN:
SF:src/forma.ts
FN:123,(anonymous_1)
FN:130,(anonymous_2)
FN:131,(anonymous_3)
FN:135,(anonymous_4)
FN:145,(anonymous_5)
FN:146,(anonymous_6)
FN:156,(anonymous_7)
FN:169,(anonymous_8)
FN:187,(anonymous_9)
FN:208,(anonymous_10)
FN:213,(anonymous_11)
FN:228,(anonymous_12)
FN:234,(anonymous_13)
FN:235,(anonymous_14)
FN:243,(anonymous_15)
FN:249,(anonymous_16)
FN:264,(anonymous_17)
FN:290,(anonymous_18)
FN:327,(anonymous_19)
FN:355,(anonymous_20)
FN:388,(anonymous_21)
FN:391,(anonymous_22)
FNF:22
FNH:22
FNDA:3,(anonymous_1)
FNDA:3,(anonymous_2)
FNDA:3,(anonymous_3)
FNDA:3,(anonymous_4)
FNDA:2,(anonymous_5)
FNDA:2,(anonymous_6)
FNDA:2,(anonymous_7)
FNDA:6,(anonymous_8)
FNDA:1,(anonymous_9)
FNDA:1,(anonymous_10)
FNDA:1,(anonymous_11)
FNDA:3,(anonymous_12)
FNDA:4,(anonymous_13)
FNDA:3,(anonymous_14)
FNDA:1,(anonymous_15)
FNDA:1,(anonymous_16)
FNDA:4,(anonymous_17)
FNDA:4,(anonymous_18)
FNDA:2,(anonymous_19)
FNDA:2,(anonymous_20)
FNDA:1,(anonymous_21)
FNDA:5,(anonymous_22)
DA:1,2
DA:2,2
DA:3,2
DA:4,2
DA:108,2
DA:118,2
DA:123,2
DA:127,3
DA:129,3
DA:130,3
DA:131,3
DA:134,3
DA:136,3
DA:139,3
DA:140,1
DA:143,2
DA:145,2
DA:146,2
DA:147,2
DA:156,2
DA:169,2
DA:170,6
DA:180,6
DA:181,1
DA:184,5
DA:187,2
DA:191,1
DA:201,1
DA:202,0
DA:205,1
DA:208,2
DA:212,1
DA:213,1
DA:228,2
DA:229,3
DA:231,2
DA:233,2
DA:234,4
DA:235,3
DA:243,2
DA:246,1
DA:248,1
DA:250,1
DA:252,1
DA:264,2
DA:276,4
DA:278,4
DA:290,4
DA:293,4
DA:304,4
DA:305,1
DA:308,3
DA:310,3
DA:311,1
DA:327,2
DA:328,2
DA:334,2
DA:335,0
DA:338,2
DA:340,2
DA:341,1
DA:355,2
DA:359,2
DA:361,2
DA:367,2
DA:369,2
DA:370,0
DA:373,2
DA:375,2
DA:376,1
DA:383,1
DA:388,2
DA:391,2
DA:392,5
DA:394,5
DA:396,4
DA:397,4
DA:399,1
LF:78
LH:75
BRDA:139,0,0,1
BRDA:139,0,1,2
BRDA:139,1,0,3
BRDA:139,1,1,2
BRDA:180,2,0,1
BRDA:180,2,1,5
BRDA:189,3,0,0
BRDA:201,4,0,0
BRDA:201,4,1,1
BRDA:288,5,0,4
BRDA:288,5,1,1
BRDA:304,6,0,1
BRDA:304,6,1,3
BRDA:310,7,0,1
BRDA:310,7,1,2
BRDA:334,8,0,0
BRDA:334,8,1,2
BRDA:340,9,0,1
BRDA:340,9,1,1
BRDA:369,10,0,0
BRDA:369,10,1,2
BRDA:375,11,0,1
BRDA:375,11,1,1
BRDA:394,12,0,4
BRDA:394,12,1,1
BRDA:396,13,0,4
BRDA:396,13,1,2
BRF:27
BRH:23
end_of_record
TN:
SF:src/openai.ts
FN:9,(anonymous_0)
FN:40,(anonymous_1)
FN:52,(anonymous_2)
FN:53,(anonymous_3)
FN:57,(anonymous_4)
FN:83,(anonymous_5)
FN:115,(anonymous_6)
FN:131,(anonymous_7)
FN:132,(anonymous_8)
FN:136,(anonymous_9)
FN:139,(anonymous_10)
FN:190,(anonymous_11)
FN:201,(anonymous_12)
FN:246,(anonymous_13)
FN:265,(anonymous_14)
FN:272,(anonymous_15)
FN:275,(anonymous_16)
FN:295,(anonymous_17)
FN:327,(anonymous_18)
FNF:19
FNH:0
FNDA:0,(anonymous_0)
FNDA:0,(anonymous_1)
FNDA:0,(anonymous_2)
FNDA:0,(anonymous_3)
FNDA:0,(anonymous_4)
FNDA:0,(anonymous_5)
FNDA:0,(anonymous_6)
FNDA:0,(anonymous_7)
FNDA:0,(anonymous_8)
FNDA:0,(anonymous_9)
FNDA:0,(anonymous_10)
FNDA:0,(anonymous_11)
FNDA:0,(anonymous_12)
FNDA:0,(anonymous_13)
FNDA:0,(anonymous_14)
FNDA:0,(anonymous_15)
FNDA:0,(anonymous_16)
FNDA:0,(anonymous_17)
FNDA:0,(anonymous_18)
DA:9,0
DA:13,0
DA:14,0
DA:20,0
DA:21,0
DA:27,0
DA:28,0
DA:36,0
DA:40,0
DA:48,0
DA:50,0
DA:52,0
DA:53,0
DA:56,0
DA:57,0
DA:60,0
DA:62,0
DA:72,0
DA:74,0
DA:75,0
DA:82,0
DA:84,0
DA:88,0
DA:89,0
DA:94,0
DA:101,0
DA:103,0
DA:115,0
DA:121,0
DA:123,0
DA:126,0
DA:129,0
DA:131,0
DA:132,0
DA:135,0
DA:136,0
DA:139,0
DA:141,0
DA:143,0
DA:164,0
DA:166,0
DA:167,0
DA:176,0
DA:177,0
DA:181,0
DA:183,0
DA:189,0
DA:190,0
DA:193,0
DA:194,0
DA:200,0
DA:202,0
DA:207,0
DA:208,0
DA:214,0
DA:215,0
DA:216,0
DA:222,0
DA:223,0
DA:224,0
DA:230,0
DA:231,0
DA:237,0
DA:238,0
DA:243,0
DA:246,0
DA:251,0
DA:253,0
DA:265,0
DA:269,0
DA:271,0
DA:272,0
DA:274,0
DA:275,0
DA:277,0
DA:295,0
DA:296,0
DA:298,0
DA:299,0
DA:301,0
DA:303,0
DA:312,0
DA:313,0
DA:315,0
DA:317,0
DA:324,0
DA:327,0
DA:328,0
DA:329,0
LF:89
LH:0
BRDA:13,0,0,0
BRDA:13,0,1,0
BRDA:13,1,0,0
BRDA:13,1,1,0
BRDA:20,2,0,0
BRDA:20,2,1,0
BRDA:27,3,0,0
BRDA:27,3,1,0
BRDA:57,4,0,0
BRDA:57,4,1,0
BRDA:74,5,0,0
BRDA:74,5,1,0
BRDA:84,6,0,0
BRDA:84,6,1,0
BRDA:88,7,0,0
BRDA:88,7,1,0
BRDA:136,8,0,0
BRDA:136,8,1,0
BRDA:166,9,0,0
BRDA:166,9,1,0
BRDA:193,10,0,0
BRDA:193,10,1,0
BRDA:202,11,0,0
BRDA:202,11,1,0
BRDA:202,11,2,0
BRDA:207,12,0,0
BRDA:207,12,1,0
BRDA:215,13,0,0
BRDA:215,13,1,0
BRDA:223,14,0,0
BRDA:223,14,1,0
BRDA:230,15,0,0
BRDA:230,15,1,0
BRDA:230,16,0,0
BRDA:230,16,1,0
BRDA:237,17,0,0
BRDA:237,17,1,0
BRDA:237,18,0,0
BRDA:237,18,1,0
BRDA:298,19,0,0
BRDA:298,19,1,0
BRF:41
BRH:0
end_of_record
TN:
SF:src/utils.ts
FN:6,(anonymous_1)
FN:11,(anonymous_2)
FN:12,(anonymous_3)
FN:15,(anonymous_4)
FNF:4
FNH:4
FNDA:2,(anonymous_1)
FNDA:3,(anonymous_2)
FNDA:3,(anonymous_3)
FNDA:6,(anonymous_4)
DA:1,2
DA:2,2
DA:4,2
DA:6,2
DA:7,2
DA:8,2
DA:11,2
DA:12,3
DA:15,2
DA:16,6
DA:17,5
DA:18,4
LF:12
LH:12
BRDA:16,0,0,1
BRDA:16,0,1,5
BRDA:17,1,0,1
BRDA:17,1,1,4
BRF:4
BRH:4
end_of_record
TN:
SF:src/commands/benefits.ts
FN:21,(anonymous_0)
FNF:1
FNH:0
FNDA:0,(anonymous_0)
DA:9,0
DA:15,0
DA:22,0
DA:24,0
DA:25,0
DA:30,0
DA:32,0
DA:36,0
DA:37,0
DA:43,0
LF:10
LH:0
BRDA:22,0,0,0
BRDA:22,0,1,0
BRDA:24,1,0,0
BRDA:24,1,1,0
BRF:4
BRH:0
end_of_record
TN:
SF:src/commands/categories.ts
FN:23,(anonymous_0)
FNF:1
FNH:0
FNDA:0,(anonymous_0)
DA:9,0
DA:16,0
DA:24,0
DA:26,0
DA:27,0
DA:32,0
DA:34,0
DA:38,0
DA:39,0
DA:45,0
LF:10
LH:0
BRDA:24,0,0,0
BRDA:24,0,1,0
BRDA:26,1,0,0
BRDA:26,1,1,0
BRDA:41,2,0,0
BRDA:41,2,1,0
BRF:6
BRH:0
end_of_record
TN:
SF:src/commands/generate-template-csv.ts
FN:22,(anonymous_0)
FNF:1
FNH:0
FNDA:0,(anonymous_0)
DA:8,0
DA:14,0
DA:16,0
DA:23,0
DA:24,0
DA:29,0
DA:31,0
LF:7
LH:0
BRDA:23,0,0,0
BRDA:23,0,1,0
BRF:2
BRH:0
end_of_record
TN:
SF:src/commands/list-claims.ts
FN:23,(anonymous_0)
FNF:1
FNH:0
FNDA:0,(anonymous_0)
DA:9,0
DA:16,0
DA:24,0
DA:25,0
DA:27,0
DA:28,0
DA:33,0
DA:35,0
DA:50,0
DA:51,0
DA:65,0
LF:11
LH:0
BRDA:24,0,0,0
BRDA:24,0,1,0
BRDA:27,1,0,0
BRDA:27,1,1,0
BRF:4
BRH:0
end_of_record
TN:
SF:src/commands/login.ts
FN:15,(anonymous_0)
FN:56,(anonymous_1)
FN:71,(anonymous_2)
FN:99,(anonymous_3)
FNF:4
FNH:0
FNDA:0,(anonymous_0)
FNDA:0,(anonymous_1)
FNDA:0,(anonymous_2)
FNDA:0,(anonymous_3)
DA:9,0
DA:15,0
DA:16,0
DA:18,0
DA:19,0
DA:24,0
DA:25,0
DA:28,0
DA:29,0
DA:32,0
DA:34,0
DA:35,0
DA:38,0
DA:39,0
DA:41,0
DA:42,0
DA:44,0
DA:45,0
DA:50,0
DA:54,0
DA:56,0
DA:57,0
DA:60,0
DA:62,0
DA:64,0
DA:65,0
DA:67,0
DA:71,0
DA:75,0
DA:78,0
DA:80,0
DA:82,0
DA:83,0
DA:85,0
DA:89,0
DA:100,0
DA:101,0
DA:103,0
DA:104,0
DA:105,0
DA:107,0
LF:41
LH:0
BRDA:18,0,0,0
BRDA:18,0,1,0
BRDA:24,1,0,0
BRDA:24,1,1,0
BRDA:28,2,0,0
BRDA:28,2,1,0
BRDA:34,3,0,0
BRDA:34,3,1,0
BRDA:44,4,0,0
BRDA:44,4,1,0
BRDA:44,5,0,0
BRDA:44,5,1,0
BRDA:56,6,0,0
BRDA:57,7,0,0
BRDA:57,7,1,0
BRDA:64,8,0,0
BRDA:64,8,1,0
BRDA:73,9,0,0
BRDA:75,10,0,0
BRDA:75,10,1,0
BRDA:100,11,0,0
BRDA:100,11,1,0
BRF:22
BRH:0
end_of_record
TN:
SF:src/commands/mcp.ts
FN:24,(anonymous_0)
FN:38,(anonymous_1)
FN:118,(anonymous_2)
FN:223,(anonymous_3)
FNF:4
FNH:0
FNDA:0,(anonymous_0)
FNDA:0,(anonymous_1)
FNDA:0,(anonymous_2)
FNDA:0,(anonymous_3)
DA:17,0
DA:24,0
DA:25,0
DA:38,0
DA:39,0
DA:118,0
DA:119,0
DA:122,0
DA:123,0
DA:124,0
DA:130,0
DA:131,0
DA:133,0
DA:134,0
DA:145,0
DA:146,0
DA:147,0
DA:166,0
DA:177,0
DA:190,0
DA:192,0
DA:203,0
DA:206,0
DA:207,0
DA:214,0
DA:217,0
DA:224,0
DA:226,0
DA:227,0
DA:232,0
DA:233,0
DA:235,0
DA:238,0
LF:33
LH:0
BRDA:123,0,0,0
BRDA:123,0,1,0
BRDA:131,1,0,0
BRDA:131,1,1,0
BRDA:131,1,2,0
BRDA:131,1,3,0
BRDA:145,2,0,0
BRDA:145,2,1,0
BRDA:206,3,0,0
BRDA:206,3,1,0
BRDA:224,4,0,0
BRDA:224,4,1,0
BRDA:226,5,0,0
BRDA:226,5,1,0
BRF:14
BRH:0
end_of_record
TN:
SF:src/commands/submit-claim.ts
FN:74,(anonymous_0)
FNF:1
FNH:0
FNDA:0,(anonymous_0)
DA:15,0
DA:30,0
DA:84,0
DA:86,0
DA:88,0
DA:89,0
DA:96,0
DA:100,0
DA:102,0
DA:104,0
DA:106,0
DA:118,0
DA:119,0
DA:121,0
DA:122,0
DA:129,0
DA:132,0
DA:133,0
DA:134,0
DA:135,0
DA:136,0
DA:137,0
DA:138,0
DA:139,0
DA:142,0
DA:144,0
DA:148,0
DA:149,0
DA:157,0
DA:159,0
DA:167,0
DA:179,0
DA:181,0
DA:187,0
LF:34
LH:0
BRDA:86,0,0,0
BRDA:86,0,1,0
BRDA:88,1,0,0
BRDA:88,1,1,0
BRDA:96,2,0,0
BRDA:96,2,1,0
BRDA:96,2,2,0
BRDA:96,2,3,0
BRDA:96,2,4,0
BRDA:96,2,5,0
BRDA:100,3,0,0
BRDA:100,3,1,0
BRDA:100,3,2,0
BRDA:100,3,3,0
BRDA:100,3,4,0
BRDA:100,3,5,0
BRDA:102,4,0,0
BRDA:102,4,1,0
BRDA:104,5,0,0
BRDA:104,5,1,0
BRDA:119,6,0,0
BRDA:119,6,1,0
BRDA:119,7,0,0
BRDA:119,7,1,0
BRDA:149,8,0,0
BRDA:149,8,1,0
BRDA:150,9,0,0
BRDA:150,9,1,0
BRDA:150,9,2,0
BRDA:150,9,3,0
BRDA:150,9,4,0
BRF:31
BRH:0
end_of_record
TN:
SF:src/commands/submit-claims-from-csv.ts
FN:31,(anonymous_0)
FN:34,(anonymous_1)
FN:38,(anonymous_2)
FN:43,(anonymous_3)
FN:52,(anonymous_4)
FN:57,(anonymous_5)
FN:77,(anonymous_6)
FNF:7
FNH:0
FNDA:0,(anonymous_0)
FNDA:0,(anonymous_1)
FNDA:0,(anonymous_2)
FNDA:0,(anonymous_3)
FNDA:0,(anonymous_4)
FNDA:0,(anonymous_5)
FNDA:0,(anonymous_6)
DA:13,0
DA:21,0
DA:31,0
DA:32,0
DA:34,0
DA:35,0
DA:39,0
DA:41,0
DA:43,0
DA:45,0
DA:52,0
DA:53,0
DA:55,0
DA:58,0
DA:63,0
DA:78,0
DA:80,0
DA:82,0
DA:83,0
DA:88,0
DA:89,0
DA:92,0
DA:94,0
DA:95,0
DA:100,0
DA:102,0
DA:103,0
DA:104,0
DA:106,0
DA:107,0
DA:108,0
DA:112,0
DA:113,0
DA:114,0
DA:121,0
DA:125,0
DA:127,0
DA:132,0
DA:140,0
LF:39
LH:0
BRDA:41,0,0,0
BRDA:41,0,1,0
BRDA:42,1,0,0
BRDA:42,1,1,0
BRDA:80,2,0,0
BRDA:80,2,1,0
BRDA:82,3,0,0
BRDA:82,3,1,0
BRDA:88,4,0,0
BRDA:88,4,1,0
BRDA:94,5,0,0
BRDA:94,5,1,0
BRDA:107,6,0,0
BRDA:107,6,1,0
BRDA:107,7,0,0
BRDA:107,7,1,0
BRDA:113,8,0,0
BRDA:113,8,1,0
BRF:18
BRH:0
end_of_record
TN:
SF:src/commands/submit-claims-from-directory.ts
FN:27,(anonymous_0)
FN:33,(anonymous_1)
FN:40,(anonymous_2)
FN:51,(anonymous_3)
FN:109,(anonymous_4)
FN:145,(anonymous_5)
FNF:6
FNH:0
FNDA:0,(anonymous_0)
FNDA:0,(anonymous_1)
FNDA:0,(anonymous_2)
FNDA:0,(anonymous_3)
FNDA:0,(anonymous_4)
FNDA:0,(anonymous_5)
DA:13,0
DA:24,0
DA:27,0
DA:28,0
DA:29,0
DA:33,0
DA:34,0
DA:35,0
DA:38,0
DA:39,0
DA:40,0
DA:42,0
DA:51,0
DA:52,0
DA:53,0
DA:54,0
DA:57,0
DA:58,0
DA:61,0
DA:62,0
DA:63,0
DA:64,0
DA:65,0
DA:66,0
DA:69,0
DA:70,0
DA:72,0
DA:79,0
DA:85,0
DA:110,0
DA:112,0
DA:114,0
DA:115,0
DA:120,0
DA:121,0
DA:127,0
DA:130,0
DA:132,0
DA:133,0
DA:136,0
DA:139,0
DA:142,0
DA:145,0
DA:146,0
DA:148,0
DA:151,0
DA:153,0
DA:154,0
DA:157,0
DA:158,0
DA:159,0
DA:165,0
DA:167,0
DA:168,0
DA:176,0
DA:177,0
DA:178,0
DA:179,0
DA:180,0
DA:181,0
DA:182,0
DA:185,0
DA:190,0
DA:192,0
DA:194,0
DA:195,0
DA:199,0
DA:201,0
DA:204,0
DA:205,0
DA:207,0
DA:208,0
DA:211,0
DA:216,0
DA:221,0
DA:222,0
DA:223,0
DA:224,0
DA:226,0
DA:227,0
LF:80
LH:0
BRDA:34,0,0,0
BRDA:34,0,1,0
BRDA:44,1,0,0
BRDA:44,1,1,0
BRDA:53,2,0,0
BRDA:53,2,1,0
BRDA:62,3,0,0
BRDA:62,3,1,0
BRDA:75,4,0,0
BRDA:75,4,1,0
BRDA:112,5,0,0
BRDA:112,5,1,0
BRDA:114,6,0,0
BRDA:114,6,1,0
BRDA:120,7,0,0
BRDA:120,7,1,0
BRDA:120,8,0,0
BRDA:120,8,1,0
BRDA:127,9,0,0
BRDA:127,9,1,0
BRDA:132,10,0,0
BRDA:132,10,1,0
BRDA:192,11,0,0
BRDA:192,11,1,0
BRDA:192,12,0,0
BRDA:192,12,1,0
BRDA:213,13,0,0
BRDA:213,13,1,0
BRDA:226,14,0,0
BRDA:226,14,1,0
BRF:30
BRH:0
end_of_record
TN:
SF:src/commands/validate-csv.ts
FN:26,(anonymous_0)
FNF:1
FNH:0
FNDA:0,(anonymous_0)
DA:11,0
DA:18,0
DA:27,0
DA:29,0
DA:30,0
DA:35,0
DA:36,0
DA:39,0
DA:41,0
DA:42,0
DA:47,0
DA:49,0
DA:50,0
DA:51,0
DA:53,0
DA:54,0
DA:55,0
DA:58,0
DA:59,0
DA:61,0
DA:66,0
DA:75,0
DA:81,0
LF:23
LH:0
BRDA:27,0,0,0
BRDA:27,0,1,0
BRDA:29,1,0,0
BRDA:29,1,1,0
BRDA:35,2,0,0
BRDA:35,2,1,0
BRDA:41,3,0,0
BRDA:41,3,1,0
BRDA:54,4,0,0
BRDA:54,4,1,0
BRDA:54,5,0,0
BRDA:54,5,1,0
BRF:12
BRH:0
end_of_record
